drews 1.0
12 63
0 0 0
0 0 0
0 0 0
0 0 0
0 0 0
0 0 0
0 0 0
0 0 0
0 0 0
0 0 0
0 0 0
0 0 0
0 0 0
0 0 0
0 0 0
0 0 0
0 0 0
0 0 0
0 0 0
0 0 0
1.03023 -0.24965 0.671518
0.999999 0.00525979 -0.00110419
-0.00526109 1.00001 0.000691171
0.00109215 -0.00069472 1.00002
0.0124989 0.0146895 0.186506
1.02602 -0.24749 0.498735
0.982141 -0.0586353 0.178881
0.0555877 0.998238 0.0219553
-0.179826 -0.0116106 0.983649
-0.978475 -0.303404 0.263658
0 0 0
0 0 0
0 0 0
0 0 0
0 0 0
1.03515 -0.295674 1.20876
0.992548 0.0659945 -0.102773
-0.0659053 0.997838 0.00427538
0.102826 0.00249922 0.99472
0.698476 -0.0364397 0.392778
0 0 0
0 0 0
0 0 0
0 0 0
0 0 0
0 0 0
0 0 0
0 0 0
0 0 0
0 0 0
0 0 0
0 0 0
0 0 0
0 0 0
0 0 0
0 0 0
0 0 0
0 0 0
0 0 0
0 0 0
1.14642 3.29118 23.2582
219 233 236
2 5 145 0 4 149 0
1.10676 4.21951 24.2621
215 226 228
2 5 163 0 4 130 0
0.797 5.20342 24.2529
164 175 172
2 5 168 0 4 134 0
1.50844 2.83622 23.7218
88 101 103
2 5 340 0 4 310 0
1.26154 4.10533 23.8096
214 226 228
2 5 347 0 4 255 0
-0.811951 -0.580059 3.97015
62 48 32
2 5 490 0 4 351 0
-0.145413 0.0152201 4.87423
52 37 15
2 5 573 0 4 443 0
-0.246717 -0.908362 3.58811
68 49 20
3 5 618 0 4 545 0 7 468 0
-0.620504 -1.03846 3.91138
113 96 73
3 5 632 0 4 539 0 7 465 0
-2.04552 -2.66421 6.01112
133 124 100
2 5 695 0 4 552 0
-0.237415 -1.06438 3.55916
83 64 34
2 5 721 0 4 532 0
-0.219842 0.131187 4.92636
115 95 59
3 5 741 0 4 480 0 7 512 0
-0.901182 1.40915 5.04822
125 103 75
3 5 761 0 4 499 0 7 440 0
-0.843657 -0.530032 3.98597
176 160 143
2 5 784 0 4 581 0
-0.821655 -0.49918 4.00935
65 52 36
2 5 796 0 4 586 0
-0.90154 -0.214379 4.14355
81 65 50
2 5 831 0 4 607 0
-0.282058 -0.858234 3.61392
60 42 16
2 5 842 0 4 645 0
-0.246738 -0.911715 3.59107
73 52 24
2 5 846 0 4 649 0
-0.229519 -0.96135 3.57857
71 51 20
3 5 848 0 4 652 0 7 579 0
-0.133705 -0.985872 3.5977
136 110 73
2 5 850 0 4 653 0
-0.826204 -0.803392 3.8854
100 80 54
2 5 871 0 4 668 0
-0.244649 -0.797042 3.64084
62 46 19
2 5 875 0 4 642 0
-2.24975 -2.46631 6.3078
147 142 128
2 5 880 0 4 677 0
-0.0909779 -1.11559 3.63442
126 104 60
2 5 910 0 4 702 0
-0.136563 -1.15794 3.59957
162 144 109
3 5 912 0 4 704 0 7 627 0
-0.170711 -1.16275 3.5828
160 137 102
3 5 913 0 4 706 0 7 766 0
-0.221114 0.538975 5.13156
69 49 22
2 5 917 0 4 725 0
-0.917768 0.656131 4.63934
65 44 18
2 5 950 0 4 717 0
-0.187509 0.607408 5.16232
123 101 67
2 5 951 0 4 722 0
-0.841351 -0.782908 3.89902
58 38 13
2 5 1044 0 4 848 0
-0.240218 -1.41892 3.63684
90 75 42
3 5 1048 0 4 865 0 7 739 0
-0.123116 -1.22427 3.61688
124 100 55
2 5 1049 0 4 910 0
-0.202215 -1.25365 3.59215
175 153 116
2 5 1053 0 4 852 0
-0.258463 -1.31018 3.5935
113 92 57
2 5 1057 0 4 856 0
-0.156606 -1.34714 3.6452
132 109 69
2 5 1058 0 4 859 0
-0.318491 -1.43208 3.64495
119 104 71
2 5 1064 0 4 867 0
-0.301209 -1.00594 3.58859
159 143 114
2 5 1079 0 4 656 0
-0.250287 -1.08002 3.56393
116 97 66
2 5 1091 0 4 896 0
-0.0765454 -1.13936 3.65216
170 148 108
2 5 1094 0 4 900 0
-0.245205 -1.12577 3.55638
94 76 45
2 5 1096 0 4 902 0
-0.110311 -1.16454 3.62084
166 148 109
2 5 1099 0 4 904 0
-0.134293 -1.16497 3.60786
164 144 107
2 5 1100 0 4 906 0
-0.121576 -1.17711 3.61212
116 94 56
2 5 1101 0 4 907 0
-0.204792 0.485633 5.10834
52 35 9
3 5 1109 0 4 923 0 7 808 0
-0.145448 0.592494 5.18483
120 93 65
2 5 1119 0 4 917 0
-0.171407 0.11384 4.91714
131 106 69
3 5 1128 0 4 938 0 7 879 0
-0.819571 1.58266 5.20494
116 93 71
2 5 1137 0 4 946 0
-0.734622 1.4491 5.24655
185 162 135
2 5 1138 0 4 949 0
-0.901151 1.3921 5.05198
145 122 94
2 5 1139 0 4 950 0
-0.193443 0.0127975 4.86252
64 48 20
3 5 1147 0 4 959 0 7 883 0
-0.96889 0.918214 4.73062
73 51 25
2 5 1152 0 4 958 0
-0.943398 0.778549 4.68321
62 42 14
2 5 1157 0 4 966 0
-0.830862 -0.30911 4.11176
91 74 59
3 5 1166 0 4 1027 0 7 892 0
-0.0791663 -0.508269 4.58486
96 75 40
3 5 1170 0 4 979 0 7 848 0
-0.0817891 -0.568232 4.54137
137 123 82
2 5 1176 0 4 991 0
-0.0630004 -0.613529 4.53735
56 41 26
2 5 1178 0 4 996 0
-0.807862 -0.640274 3.93588
123 105 85
3 5 1188 0 4 1004 0 7 862 0
-0.243709 -0.00990862 4.85882
157 141 106
2 5 1193 0 4 1009 0
-0.0550539 -0.558066 4.55719
58 42 27
2 7 599 0 4 764 0
-0.284489 -1.49149 3.6701
195 180 148
3 7 736 0 4 870 0 5 1069 0
-0.170974 0.409301 5.07433
118 95 66
2 7 811 0 4 930 0
-0.262246 0.0791871 4.89155
61 46 16
2 7 880 0 4 941 0
-0.130985 -0.0581671 4.84179
50 33 11
3 7 889 0 4 1012 0 5 1196 0
